<?xml version="1.0" encoding="UTF-8"?>
<!-- Generated by org.testng.reporters.JUnitXMLReporter -->
<testsuite ignored="0" hostname="LTIN699408" failures="0" tests="2" name="Cucumber Tests Execution" time="43.786" errors="0" timestamp="2026-07-06T11:16:38 IST">
  <testcase classname="io.cucumber.testng.AbstractTestNGCucumberTests" name="runScenario" time="19.893"/>
  <testcase classname="io.cucumber.testng.AbstractTestNGCucumberTests" name="runScenario" time="22.013"/>
</testsuite> <!-- Cucumber Tests Execution -->
