<?xml version="1.0" encoding="UTF-8"?>
<testng-results ignored="0" total="2" passed="2" failed="0" skipped="0">
  <reporter-output>
  </reporter-output>
  <suite started-at="2026-07-03T18:30:03 IST" name="BDD Cucumber Suite" finished-at="2026-07-03T18:31:19 IST" duration-ms="76612">
    <groups>
      <group name="cucumber">
        <method signature="AbstractTestNGCucumberTests.runScenario(io.cucumber.testng.PickleWrapper,io.cucumber.testng.FeatureWrapper)[pri:0, instance:com.project.runner.TestRunner@40005471]" name="runScenario" class="io.cucumber.testng.AbstractTestNGCucumberTests"/>
      </group> <!-- cucumber -->
    </groups>
    <test started-at="2026-07-03T18:30:03 IST" name="Cucumber Tests Execution" finished-at="2026-07-03T18:31:19 IST" duration-ms="76612">
      <class name="com.project.runner.TestRunner">
        <test-method is-config="true" signature="setUpClass(org.testng.ITestContext)[pri:0, instance:com.project.runner.TestRunner@40005471]" started-at="2026-07-03T18:30:03 IST" name="setUpClass" finished-at="2026-07-03T18:30:04 IST" duration-ms="1140" status="PASS">
          <params>
            <param index="0">
              <value>
                <![CDATA[org.testng.TestRunner@22eaa86e]]>
              </value>
            </param>
          </params>
          <reporter-output>
          </reporter-output>
        </test-method> <!-- setUpClass -->
        <test-method signature="runScenario(io.cucumber.testng.PickleWrapper,io.cucumber.testng.FeatureWrapper)[pri:0, instance:com.project.runner.TestRunner@40005471]" started-at="2026-07-03T18:30:04 IST" name="runScenario" description="Runs Cucumber Scenarios" data-provider="scenarios" finished-at="2026-07-03T18:30:43 IST" duration-ms="39106" status="PASS">
          <params>
            <param index="0">
              <value>
                <![CDATA["TC01_Verify Product List Is Not Empty"]]>
              </value>
            </param>
            <param index="1">
              <value>
                <![CDATA["Urban Ladder Bookshelves Automated Assertions"]]>
              </value>
            </param>
          </params>
          <reporter-output>
          </reporter-output>
        </test-method> <!-- runScenario -->
        <test-method signature="runScenario(io.cucumber.testng.PickleWrapper,io.cucumber.testng.FeatureWrapper)[pri:0, instance:com.project.runner.TestRunner@40005471]" started-at="2026-07-03T18:30:43 IST" name="runScenario" description="Runs Cucumber Scenarios" data-provider="scenarios" finished-at="2026-07-03T18:31:19 IST" duration-ms="36229" status="PASS">
          <params>
            <param index="0">
              <value>
                <![CDATA["TC02_Validate Top Five Bookshelves Criteria"]]>
              </value>
            </param>
            <param index="1">
              <value>
                <![CDATA["Urban Ladder Bookshelves Automated Assertions"]]>
              </value>
            </param>
          </params>
          <reporter-output>
          </reporter-output>
        </test-method> <!-- runScenario -->
        <test-method is-config="true" signature="tearDownClass()[pri:0, instance:com.project.runner.TestRunner@40005471]" started-at="2026-07-03T18:31:19 IST" name="tearDownClass" finished-at="2026-07-03T18:31:19 IST" duration-ms="47" status="PASS">
          <reporter-output>
          </reporter-output>
        </test-method> <!-- tearDownClass -->
      </class> <!-- com.project.runner.TestRunner -->
    </test> <!-- Cucumber Tests Execution -->
  </suite> <!-- BDD Cucumber Suite -->
</testng-results>
