<?xml version="1.0" encoding="UTF-8"?>
<!-- Generated by org.testng.reporters.JUnitReportReporter -->
<testsuite hostname="LTIN699408" failures="0" tests="7" name="com.project.runner.TestRunner" time="278.428" errors="0" timestamp="2026-07-07T11:13:55 IST" skipped="0">
  <testcase classname="com.project.runner.TestRunner" name="runScenario" time="20.408"/>
  <testcase classname="com.project.runner.TestRunner" name="runScenario" time="51.879"/>
  <testcase classname="com.project.runner.TestRunner" name="runScenario" time="53.936"/>
  <testcase classname="com.project.runner.TestRunner" name="runScenario" time="26.854"/>
  <testcase classname="com.project.runner.TestRunner" name="runScenario" time="50.099"/>
  <testcase classname="com.project.runner.TestRunner" name="runScenario" time="37.463"/>
  <testcase classname="com.project.runner.TestRunner" name="runScenario" time="37.789"/>
</testsuite> <!-- com.project.runner.TestRunner -->
