<?xml version="1.0" encoding="UTF-8"?>
<!-- Generated by org.testng.reporters.JUnitReportReporter -->
<testsuite hostname="LTIN699408" failures="0" tests="2" name="com.project.runner.TestRunner" time="123.549" errors="0" timestamp="2026-07-10T15:27:11 IST" skipped="0">
  <testcase classname="com.project.runner.TestRunner" name="runScenario" time="65.146"/>
  <testcase classname="com.project.runner.TestRunner" name="runScenario" time="58.403"/>
</testsuite> <!-- com.project.runner.TestRunner -->
